  [1m[35m (1.0ms)[0m  [1m[34mSELECT sqlite_version(*)[0m
  [1m[35m (87.3ms)[0m  [1m[35mCREATE TABLE "schema_migrations" ("version" varchar NOT NULL PRIMARY KEY)[0m
  [1m[35m (79.3ms)[0m  [1m[35mCREATE TABLE "ar_internal_metadata" ("key" varchar NOT NULL PRIMARY KEY, "value" varchar, "created_at" datetime(6) NOT NULL, "updated_at" datetime(6) NOT NULL)[0m
  [1m[35m (0.3ms)[0m  [1m[34mSELECT "schema_migrations"."version" FROM "schema_migrations" ORDER BY "schema_migrations"."version" ASC[0m
Migrating to CreateCars (20211226012032)
  [1m[36mTRANSACTION (0.1ms)[0m  [1m[36mbegin transaction[0m
  [1m[35m (0.9ms)[0m  [1m[35mCREATE TABLE "cars" ("id" integer PRIMARY KEY AUTOINCREMENT NOT NULL, "make" varchar, "model" varchar, "year" integer, "created_at" datetime(6) NOT NULL, "updated_at" datetime(6) NOT NULL)[0m
  [1m[36mActiveRecord::SchemaMigration Create (0.2ms)[0m  [1m[32mINSERT INTO "schema_migrations" ("version") VALUES (?)[0m  [["version", "20211226012032"]]
  [1m[36mTRANSACTION (85.5ms)[0m  [1m[36mcommit transaction[0m
  [1m[36mActiveRecord::InternalMetadata Load (0.3ms)[0m  [1m[34mSELECT "ar_internal_metadata".* FROM "ar_internal_metadata" WHERE "ar_internal_metadata"."key" = ? LIMIT ?[0m  [["key", "environment"], ["LIMIT", 1]]
  [1m[36mTRANSACTION (0.1ms)[0m  [1m[36mbegin transaction[0m
  [1m[36mActiveRecord::InternalMetadata Create (0.8ms)[0m  [1m[32mINSERT INTO "ar_internal_metadata" ("key", "value", "created_at", "updated_at") VALUES (?, ?, ?, ?)[0m  [["key", "environment"], ["value", "development"], ["created_at", "2021-12-26 01:20:41.673251"], ["updated_at", "2021-12-26 01:20:41.673251"]]
  [1m[36mTRANSACTION (61.3ms)[0m  [1m[36mcommit transaction[0m
  [1m[35m (0.1ms)[0m  [1m[34mSELECT sqlite_version(*)[0m
  [1m[35m (0.2ms)[0m  [1m[34mSELECT "schema_migrations"."version" FROM "schema_migrations" ORDER BY "schema_migrations"."version" ASC[0m
Started GET "/" for ::1 at 2021-12-26 02:21:06 +0100
  [1m[35m (0.9ms)[0m  [1m[34mSELECT sqlite_version(*)[0m
  [1m[35m (0.1ms)[0m  [1m[34mSELECT "schema_migrations"."version" FROM "schema_migrations" ORDER BY "schema_migrations"."version" ASC[0m
Processing by Rails::WelcomeController#index as HTML
  Rendering /home/lars/.rbenv/versions/2.7.4/lib/ruby/gems/2.7.0/gems/railties-6.1.4.4/lib/rails/templates/rails/welcome/index.html.erb
  Rendered /home/lars/.rbenv/versions/2.7.4/lib/ruby/gems/2.7.0/gems/railties-6.1.4.4/lib/rails/templates/rails/welcome/index.html.erb (Duration: 6.4ms | Allocations: 442)
Completed 200 OK in 22ms (Views: 10.9ms | ActiveRecord: 0.0ms | Allocations: 3585)


Started GET "/cars" for ::1 at 2021-12-26 02:21:10 +0100
Processing by CarsController#index as HTML
  Rendering layout layouts/application.html.erb
  Rendering cars/index.html.erb within layouts/application
  [1m[36mCar Load (0.2ms)[0m  [1m[34mSELECT "cars".* FROM "cars"[0m
  ↳ app/views/cars/index.html.erb:16
  Rendered cars/index.html.erb within layouts/application (Duration: 7.1ms | Allocations: 1460)
[Webpacker] Compiling...
[Webpacker] Compiled all packs in /home/lars/The_Odin_Project/Ruby on Rails/my_first_rails_app/public/packs
[Webpacker] Hash: 2034dd941d5476d8645c
Version: webpack 4.46.0
Time: 1608ms
Built at: 12/26/2021 2:21:14 AM
                                     Asset       Size       Chunks                         Chunk Names
    js/application-3dd0dc24d9c39bc09227.js    125 KiB  application  [emitted] [immutable]  application
js/application-3dd0dc24d9c39bc09227.js.map    139 KiB  application  [emitted] [dev]        application
                             manifest.json  364 bytes               [emitted]              
Entrypoint application = js/application-3dd0dc24d9c39bc09227.js js/application-3dd0dc24d9c39bc09227.js.map
[./app/javascript/channels sync recursive _channel\.js$] ./app/javascript/channels sync _channel\.js$ 160 bytes {application} [built]
[./app/javascript/channels/index.js] 211 bytes {application} [built]
[./app/javascript/packs/application.js] 492 bytes {application} [built]
[./node_modules/webpack/buildin/module.js] (webpack)/buildin/module.js 552 bytes {application} [built]
    + 3 hidden modules

  Rendered layout layouts/application.html.erb (Duration: 3994.1ms | Allocations: 22986)
Completed 200 OK in 4007ms (Views: 3998.9ms | ActiveRecord: 0.2ms | Allocations: 24803)


Started GET "/cars/new" for ::1 at 2021-12-26 02:21:19 +0100
Processing by CarsController#new as HTML
  Rendering layout layouts/application.html.erb
  Rendering cars/new.html.erb within layouts/application
  Rendered cars/_form.html.erb (Duration: 57.3ms | Allocations: 5208)
  Rendered cars/new.html.erb within layouts/application (Duration: 61.0ms | Allocations: 5555)
[Webpacker] Everything's up-to-date. Nothing to do
  Rendered layout layouts/application.html.erb (Duration: 71.5ms | Allocations: 8882)
Completed 200 OK in 99ms (Views: 73.5ms | ActiveRecord: 1.9ms | Allocations: 12718)


Started GET "/cars" for 127.0.0.1 at 2021-12-26 02:21:26 +0100
Processing by CarsController#index as HTML
  Rendering layout layouts/application.html.erb
  Rendering cars/index.html.erb within layouts/application
  [1m[36mCar Load (0.1ms)[0m  [1m[34mSELECT "cars".* FROM "cars"[0m
  ↳ app/views/cars/index.html.erb:16
  Rendered cars/index.html.erb within layouts/application (Duration: 10.4ms | Allocations: 712)
[Webpacker] Everything's up-to-date. Nothing to do
  Rendered layout layouts/application.html.erb (Duration: 33.4ms | Allocations: 4052)
Completed 200 OK in 36ms (Views: 35.8ms | ActiveRecord: 0.1ms | Allocations: 4403)


Started POST "/cars" for ::1 at 2021-12-26 02:21:55 +0100
Processing by CarsController#create as HTML
  Parameters: {"authenticity_token"=>"[FILTERED]", "car"=>{"make"=>"My car", "model"=>"Fast", "year"=>"2021"}, "commit"=>"Create Car"}
  [1m[36mTRANSACTION (4.7ms)[0m  [1m[36mbegin transaction[0m
  ↳ app/controllers/cars_controller.rb:27:in `block in create'
  [1m[36mCar Create (3.2ms)[0m  [1m[32mINSERT INTO "cars" ("make", "model", "year", "created_at", "updated_at") VALUES (?, ?, ?, ?, ?)[0m  [["make", "My car"], ["model", "Fast"], ["year", 2021], ["created_at", "2021-12-26 01:21:55.363490"], ["updated_at", "2021-12-26 01:21:55.363490"]]
  ↳ app/controllers/cars_controller.rb:27:in `block in create'
  [1m[36mTRANSACTION (84.8ms)[0m  [1m[36mcommit transaction[0m
  ↳ app/controllers/cars_controller.rb:27:in `block in create'
Redirected to http://[::1]:3000/cars/1
Completed 302 Found in 130ms (ActiveRecord: 92.7ms | Allocations: 4789)


Started GET "/cars/1" for ::1 at 2021-12-26 02:21:55 +0100
Processing by CarsController#show as HTML
  Parameters: {"id"=>"1"}
  [1m[36mCar Load (0.2ms)[0m  [1m[34mSELECT "cars".* FROM "cars" WHERE "cars"."id" = ? LIMIT ?[0m  [["id", 1], ["LIMIT", 1]]
  ↳ app/controllers/cars_controller.rb:63:in `set_car'
  Rendering layout layouts/application.html.erb
  Rendering cars/show.html.erb within layouts/application
  Rendered cars/show.html.erb within layouts/application (Duration: 0.9ms | Allocations: 293)
[Webpacker] Everything's up-to-date. Nothing to do
  Rendered layout layouts/application.html.erb (Duration: 8.0ms | Allocations: 3564)
Completed 200 OK in 24ms (Views: 8.6ms | ActiveRecord: 0.2ms | Allocations: 6912)


Started GET "/cars" for ::1 at 2021-12-26 02:22:04 +0100
Processing by CarsController#index as HTML
  Rendering layout layouts/application.html.erb
  Rendering cars/index.html.erb within layouts/application
  [1m[36mCar Load (0.3ms)[0m  [1m[34mSELECT "cars".* FROM "cars"[0m
  ↳ app/views/cars/index.html.erb:16
  Rendered cars/index.html.erb within layouts/application (Duration: 16.9ms | Allocations: 924)
[Webpacker] Everything's up-to-date. Nothing to do
  Rendered layout layouts/application.html.erb (Duration: 44.1ms | Allocations: 4771)
Completed 200 OK in 49ms (Views: 45.6ms | ActiveRecord: 0.3ms | Allocations: 5166)


